{
  "RSpec": {
    "coverage": {
      "C:/chatapp/app/models/user.rb": {
        "lines": [
          1,
          null,
          null,
          1,
          null,
          1,
          null,
          1,
          5,
          5,
          null,
          null
        ]
      },
      "C:/chatapp/app/models/application_record.rb": {
        "lines": [
          1,
          1,
          null
        ]
      },
      "C:/chatapp/app/helpers/application_helper.rb": {
        "lines": [
          1,
          null,
          null
        ]
      },
      "C:/chatapp/app/helpers/room_messages_helper.rb": {
        "lines": [
          1,
          null
        ]
      },
      "C:/chatapp/app/helpers/rooms_helper.rb": {
        "lines": [
          1,
          null
        ]
      },
      "C:/chatapp/app/models/room.rb": {
        "lines": [
          1,
          1,
          null,
          1,
          null
        ]
      },
      "C:/chatapp/app/controllers/application_controller.rb": {
        "lines": [
          1,
          1,
          null,
          1,
          null,
          1,
          null,
          1,
          4,
          null,
          null
        ]
      },
      "C:/chatapp/app/controllers/rooms_controller.rb": {
        "lines": [
          1,
          null,
          null,
          null,
          1,
          null,
          1,
          3,
          null,
          null,
          1,
          1,
          null,
          null,
          1,
          1,
          null,
          1,
          1,
          1,
          null,
          0,
          null,
          null,
          null,
          1,
          1,
          1,
          null,
          null,
          1,
          null,
          null,
          1,
          0,
          0,
          0,
          null,
          0,
          null,
          null,
          null,
          1,
          null,
          1,
          6,
          6,
          null,
          null,
          1,
          1,
          null,
          null
        ]
      },
      "C:/chatapp/app/models/room_message.rb": {
        "lines": [
          1,
          1,
          1,
          null,
          1,
          0,
          null,
          null
        ]
      },
      "C:/chatapp/app/channels/application_cable/channel.rb": {
        "lines": [
          0,
          0,
          0,
          0
        ],
        "branches": {
        }
      },
      "C:/chatapp/app/channels/application_cable/connection.rb": {
        "lines": [
          0,
          0,
          0,
          null,
          0,
          0,
          0,
          null,
          0,
          null,
          0,
          0,
          0,
          0,
          0,
          0,
          0,
          0,
          0
        ],
        "branches": {
        }
      },
      "C:/chatapp/app/channels/room_channel.rb": {
        "lines": [
          0,
          0,
          0,
          0,
          null,
          null,
          null,
          0,
          0
        ],
        "branches": {
        }
      },
      "C:/chatapp/app/controllers/room_messages_controller.rb": {
        "lines": [
          0,
          0,
          null,
          0,
          0,
          0,
          0,
          0,
          null,
          0,
          0,
          null,
          0,
          null,
          0,
          0,
          0,
          0
        ],
        "branches": {
        }
      },
      "C:/chatapp/app/jobs/application_job.rb": {
        "lines": [
          0,
          null,
          null,
          null,
          null,
          null,
          0
        ],
        "branches": {
        }
      },
      "C:/chatapp/app/mailers/application_mailer.rb": {
        "lines": [
          0,
          0,
          0,
          0
        ],
        "branches": {
        }
      }
    },
    "timestamp": 1717556907
  }
}
